2024-12-02 15:52:22,138 - INFO - Iniciando el análisis de Cisco...
2024-12-02 15:52:38,864 - INFO - Cerrando navegador para el usuario maximiliano.godoy@tunning.cl...
2024-12-02 15:52:47,501 - WARNING - El usuario braulio.vasquez@tunning.cl tiene el estado 'Sin acceso'. Se omite el procesamiento.
2024-12-02 15:53:38,147 - INFO - Iniciando el análisis de Cisco...
2024-12-02 15:54:29,887 - INFO - Usuario maximiliano.godoy@tunning.cl procesado exitosamente.
2024-12-02 15:54:29,887 - INFO - Cerrando navegador para el usuario maximiliano.godoy@tunning.cl...
2024-12-02 15:54:38,625 - WARNING - El usuario braulio.vasquez@tunning.cl tiene el estado 'Sin acceso'. Se omite el procesamiento.
2024-12-02 15:55:37,508 - INFO - Usuario guido.hurtado@tunning.cl procesado exitosamente.
2024-12-02 15:55:37,508 - INFO - Cerrando navegador para el usuario guido.hurtado@tunning.cl...
2024-12-02 15:56:34,888 - INFO - Usuario emerson.flores@tunning.cl procesado exitosamente.
2024-12-02 15:56:34,888 - INFO - Cerrando navegador para el usuario emerson.flores@tunning.cl...
2024-12-02 15:57:35,367 - INFO - Usuario fernando.huamanchumo@tunning.cl procesado exitosamente.
2024-12-02 15:57:35,367 - INFO - Cerrando navegador para el usuario fernando.huamanchumo@tunning.cl...
2024-12-02 15:57:57,007 - ERROR - Error al guardar el archivo de resultados: Sheet 'Sheet1' already exists and if_sheet_exists is set to 'error'.
2024-12-02 15:57:57,007 - INFO - Todos los usuarios han sido procesados. Finalizando ejecución.
2024-12-02 15:58:03,247 - WARNING - Retrying (Retry(total=2, connect=None, read=None, redirect=None, status=None)) after connection broken by 'NewConnectionError('<urllib3.connection.HTTPConnection object at 0x0000027A2ED9B710>: Failed to establish a new connection: [WinError 10061] No se puede establecer una conexión ya que el equipo de destino denegó expresamente dicha conexión')': /session/3cb0c1e4b27815d8395e10ae89872fc1
2024-12-02 15:58:07,345 - WARNING - Retrying (Retry(total=1, connect=None, read=None, redirect=None, status=None)) after connection broken by 'NewConnectionError('<urllib3.connection.HTTPConnection object at 0x0000027A2EDABD50>: Failed to establish a new connection: [WinError 10061] No se puede establecer una conexión ya que el equipo de destino denegó expresamente dicha conexión')': /session/3cb0c1e4b27815d8395e10ae89872fc1
2024-12-02 15:58:11,393 - WARNING - Retrying (Retry(total=0, connect=None, read=None, redirect=None, status=None)) after connection broken by 'NewConnectionError('<urllib3.connection.HTTPConnection object at 0x0000027A2E996890>: Failed to establish a new connection: [WinError 10061] No se puede establecer una conexión ya que el equipo de destino denegó expresamente dicha conexión')': /session/3cb0c1e4b27815d8395e10ae89872fc1
2024-12-02 16:25:46,344 - INFO - Iniciando el análisis de Cisco...
2024-12-02 16:26:41,460 - INFO - Usuario maximiliano.godoy@tunning.cl procesado exitosamente.
2024-12-02 16:26:41,460 - INFO - Cerrando navegador para el usuario maximiliano.godoy@tunning.cl...
2024-12-02 16:26:50,593 - WARNING - El usuario braulio.vasquez@tunning.cl tiene el estado 'Sin acceso'. Se omite el procesamiento.
2024-12-02 16:27:54,290 - INFO - Usuario guido.hurtado@tunning.cl procesado exitosamente.
2024-12-02 16:27:54,290 - INFO - Cerrando navegador para el usuario guido.hurtado@tunning.cl...
2024-12-02 16:28:45,465 - INFO - Cerrando navegador para el usuario emerson.flores@tunning.cl...
2024-12-02 16:29:44,602 - INFO - Usuario fernando.huamanchumo@tunning.cl procesado exitosamente.
2024-12-02 16:29:44,602 - INFO - Cerrando navegador para el usuario fernando.huamanchumo@tunning.cl...
